D:\OMKAR_SHELAR\PROJECT1\PROJECT1\DEBUG\HIGHEST_NUMBER.OBJ
D:\OMKAR_SHELAR\PROJECT1\PROJECT1\DEBUG\LOWEST.OBJ
D:\OMKAR_SHELAR\PROJECT1\PROJECT1\DEBUG\NUM_AFTER_NUM.OBJ
D:\OMKAR_SHELAR\PROJECT1\PROJECT1\DEBUG\OCCURANCE.OBJ
D:\OMKAR_SHELAR\PROJECT1\PROJECT1\DEBUG\PALINDROME.OBJ
D:\OMKAR_SHELAR\PROJECT1\PROJECT1\DEBUG\PATTERN_ALPHA.OBJ
D:\OMKAR_SHELAR\PROJECT1\PROJECT1\DEBUG\PATTERN_NUM.OBJ
D:\OMKAR_SHELAR\PROJECT1\PROJECT1\DEBUG\PNZ.OBJ
D:\OMKAR_SHELAR\PROJECT1\PROJECT1\DEBUG\PRIME.OBJ
D:\OMKAR_SHELAR\PROJECT1\PROJECT1\DEBUG\PRIME_2.OBJ
D:\OMKAR_SHELAR\PROJECT1\PROJECT1\DEBUG\PRIME_USR.OBJ
D:\OMKAR_SHELAR\PROJECT1\PROJECT1\DEBUG\REV.OBJ
D:\OMKAR_SHELAR\PROJECT1\PROJECT1\DEBUG\SECOND_HIGHEST.OBJ
D:\OMKAR_SHELAR\PROJECT1\PROJECT1\DEBUG\SEODD.OBJ
D:\OMKAR_SHELAR\PROJECT1\PROJECT1\DEBUG\SPECIAL.OBJ
D:\OMKAR_SHELAR\PROJECT1\PROJECT1\DEBUG\START_END.OBJ
D:\OMKAR_SHELAR\PROJECT1\PROJECT1\DEBUG\SUMOFDIGIT.OBJ
D:\OMKAR_SHELAR\PROJECT1\PROJECT1\DEBUG\SUM_OF_TEN.OBJ
D:\OMKAR_SHELAR\PROJECT1\PROJECT1\DEBUG\SUM_TILL_ZERO.OBJ
D:\OMKAR_SHELAR\PROJECT1\PROJECT1\DEBUG\TABLES.OBJ
D:\OMKAR_SHELAR\PROJECT1\PROJECT1\DEBUG\5NUM.OBJ
D:\OMKAR_SHELAR\PROJECT1\PROJECT1\DEBUG\ARMSTRONG.OBJ
D:\OMKAR_SHELAR\PROJECT1\PROJECT1\DEBUG\DIVISIBLE.OBJ
D:\OMKAR_SHELAR\PROJECT1\PROJECT1\DEBUG\FACTORIAL.OBJ
D:\OMKAR_SHELAR\PROJECT1\PROJECT1\DEBUG\FIBONACCI.OBJ
D:\OMKAR_SHELAR\PROJECT1\PROJECT1\DEBUG\VC110.PDB
D:\OMKAR_SHELAR\PROJECT1\DEBUG\PROJECT1.ILK
D:\OMKAR_SHELAR\PROJECT1\DEBUG\PROJECT1.EXE
D:\OMKAR_SHELAR\PROJECT1\DEBUG\PROJECT1.PDB
D:\omkar_shelar\Project1\Project1\Debug\5num.obj
D:\omkar_shelar\Project1\Project1\Debug\armstrong.obj
D:\omkar_shelar\Project1\Project1\Debug\divisible.obj
D:\omkar_shelar\Project1\Project1\Debug\factorial.obj
D:\omkar_shelar\Project1\Project1\Debug\fibonacci.obj
D:\omkar_shelar\Project1\Project1\Debug\highest_number.obj
D:\omkar_shelar\Project1\Project1\Debug\lowest.obj
D:\omkar_shelar\Project1\Project1\Debug\num_after_num.obj
D:\omkar_shelar\Project1\Project1\Debug\occurance.obj
D:\omkar_shelar\Project1\Project1\Debug\palindrome.obj
D:\omkar_shelar\Project1\Project1\Debug\pattern_alpha.obj
D:\omkar_shelar\Project1\Project1\Debug\pattern_num.obj
D:\omkar_shelar\Project1\Project1\Debug\pnz.obj
D:\omkar_shelar\Project1\Project1\Debug\prime.obj
D:\omkar_shelar\Project1\Project1\Debug\prime_2.obj
D:\omkar_shelar\Project1\Project1\Debug\prime_usr.obj
D:\omkar_shelar\Project1\Project1\Debug\rev.obj
D:\omkar_shelar\Project1\Project1\Debug\second_highest.obj
D:\omkar_shelar\Project1\Project1\Debug\seodd.obj
D:\omkar_shelar\Project1\Project1\Debug\special.obj
D:\omkar_shelar\Project1\Project1\Debug\start_end.obj
D:\omkar_shelar\Project1\Project1\Debug\sumOfDigit.obj
D:\omkar_shelar\Project1\Project1\Debug\sum_of_ten.obj
D:\omkar_shelar\Project1\Project1\Debug\sum_till_zero.obj
D:\omkar_shelar\Project1\Project1\Debug\tables.obj
D:\omkar_shelar\Project1\Project1\Debug\cl.command.1.tlog
D:\omkar_shelar\Project1\Project1\Debug\CL.read.1.tlog
D:\omkar_shelar\Project1\Project1\Debug\CL.write.1.tlog
D:\omkar_shelar\Project1\Project1\Debug\link-cvtres.read.1.tlog
D:\omkar_shelar\Project1\Project1\Debug\link-cvtres.write.1.tlog
D:\omkar_shelar\Project1\Project1\Debug\link-rc.read.1.tlog
D:\omkar_shelar\Project1\Project1\Debug\link-rc.write.1.tlog
D:\omkar_shelar\Project1\Project1\Debug\link.command.1.tlog
D:\omkar_shelar\Project1\Project1\Debug\link.read.1.tlog
D:\omkar_shelar\Project1\Project1\Debug\link.write.1.tlog
D:\omkar_shelar\Project1\Project1\Debug\vc110.idb
D:\omkar_shelar\Project1\Project1\Debug\vc110.pdb
D:\omkar_shelar\Project1\Debug\Project1.pdb
D:\omkar_shelar\Project1\Debug\Project1.exe
D:\omkar_shelar\Project1\Debug\Project1.ilk
